C251 COMPILER V5.60.0,  EM_SENSOR                                                          08/03/22  21:25:50  PAGE 1   


C251 COMPILER V5.60.0, COMPILATION OF MODULE EM_SENSOR
OBJECT MODULE PLACED IN .\Objects\EM_SENSOR.obj
COMPILER INVOKED BY: C:\Keil_v5\C251\BIN\C251.EXE CODE\DRIVER\EM_SENSOR.c LARGE INTR2 BROWSE INCDIR(.\CODE\ALGORITHM;.\C
                    -ODE\DRIVER;.\CODE\Libraries\libraries;.\CODE\Libraries\seekfree_libraries;.\CODE\Libraries\seekfree_peripheral;.\CODE\US
                    -ER) DEBUG PRINT(.\Listings\EM_SENSOR.lst) TABS(2) OBJECT(.\Objects\EM_SENSOR.obj) 

stmt  level    source

    1          #include "EM_SENSOR.h"
    2          #include "zf_adc.h"
    3          
    4          void EM_INIT(){
    5   1          adc_init(ADC_P00,ADC_SYSclk_DIV_10);
    6   1          adc_init(ADC_P01,ADC_SYSclk_DIV_10);
    7   1          adc_init(ADC_P05,ADC_SYSclk_DIV_10);
    8   1          adc_init(ADC_P06,ADC_SYSclk_DIV_10);
    9   1      }
   10          
   11          void EM_READ(int* DATA_LIST){
   12   1          int i;
   13   1          float p;
   14   1          int DATA_MAX[4];
   15   1          int DATA_MIN[4];
   16   1          DATA_LIST[0] = adc_once(ADC_P00,ADC_12BIT);
   17   1          DATA_LIST[1] = adc_once(ADC_P01,ADC_12BIT);
   18   1          DATA_LIST[2] = adc_once(ADC_P05,ADC_12BIT);
   19   1          DATA_LIST[3] = adc_once(ADC_P06,ADC_12BIT);
   20   1          /*电感值归一化*/
   21   1      //    for(i=0;i<4;i++){
   22   1      //        if(DATA_LIST[i]>DATA_MAX[i]) DATA_MAX[i]=DATA_LIST[i];
   23   1      //        if(DATA_LIST[i]<DATA_MIN[i]) DATA_MIN[i]=DATA_LIST[i];
   24   1      //    }
   25   1      //    for(i=0;i<4;i++){
   26   1      //        p=(float)(DATA_LIST[i]-DATA_MIN[i])/(float)(DATA_MAX[i]-DATA_LIST[i]);
   27   1      //        DATA_LIST[i]=p*1000;
   28   1      //    }
   29   1      }
*** WARNING C47 IN LINE 12 OF CODE\DRIVER\EM_SENSOR.c: 'i': unreferenced local variable
*** WARNING C47 IN LINE 13 OF CODE\DRIVER\EM_SENSOR.c: 'p': unreferenced local variable
*** WARNING C47 IN LINE 14 OF CODE\DRIVER\EM_SENSOR.c: 'DATA_MAX': unreferenced local variable
*** WARNING C47 IN LINE 15 OF CODE\DRIVER\EM_SENSOR.c: 'DATA_MIN': unreferenced local variable


Module Information          Static   Overlayable
------------------------------------------------
  code size            =       102     ------
  ecode size           =    ------     ------
  data size            =    ------     ------
  idata size           =    ------     ------
  pdata size           =    ------     ------
  xdata size           =    ------     ------
  xdata-const size     =    ------     ------
  edata size           =    ------     ------
  bit size             =    ------     ------
  ebit size            =    ------     ------
  bitaddressable size  =    ------     ------
  ebitaddressable size =    ------     ------
  far data size        =    ------     ------
  huge data size       =    ------     ------
  const size           =    ------     ------
  hconst size          =    ------     ------
End of Module Information.


C251 COMPILATION COMPLETE.  4 WARNING(S),  0 ERROR(S)
