C251 COMPILER V5.60.0,  ENCODE_SENSOR                                                      25/01/22  13:56:09  PAGE 1   


C251 COMPILER V5.60.0, COMPILATION OF MODULE ENCODE_SENSOR
OBJECT MODULE PLACED IN .\Objects\ENCODE_SENSOR.obj
COMPILER INVOKED BY: C:\Keil_v5\C251\BIN\C251.EXE CODE\DRIVER\ENCODE_SENSOR.c LARGE INTR2 BROWSE INCDIR(.\CODE\ALGORITHM
                    -;.\CODE\DRIVER;.\CODE\Libraries\libraries;.\CODE\Libraries\seekfree_libraries;.\CODE\Libraries\seekfree_peripheral;.\COD
                    -E\USER) DEBUG PRINT(.\Listings\ENCODE_SENSOR.lst) TABS(2) OBJECT(.\Objects\ENCODE_SENSOR.obj) 

stmt  level    source

    1          #include "ENCODE_SENSOR.h"
    2          
    3          // void ENCODING_INIT(ENCODE_SENSOR* SENSOR,ENCODING_OUTPUT_enum LSB_PIN,PIN_enum DIR_PIN){
    4          //     SENSOR->DIR_PIN = DIR_PIN;
    5          //     SENSOR->LSB_PIN = LSB_PIN;
    6          //     ctimer_count_init(SENSOR->LSB_PIN);
    7          //     ctimer_count_clean(SENSOR->LSB_PIN);
    8          //     SENSOR->DIR_PIN = FORWARD;
    9          // }
   10          // ENCODE_RES ENCODING_READ_RESULT(ENCODE_SENSOR* SENSOR){
   11          //     ENCODE_RES RES_SET;
   12          //     RES_SET.speed = ctimer_count_read(SENSOR->LSB_PIN);
   13          //     RES_SET.dir = gpio_read(SENSOR->DIR_PIN);
   14          //     ctimer_count_clean(SENSOR->LSB_PIN);
   15          //     return RES_SET;
   16          // }
   17          
   18          void ENCODING_INIT(){
   19   1          ctimer_count_init(TIM_0);
   20   1          ctimer_count_clean(TIM_0);
   21   1      }
   22              
   23          uint16 ENCODING_READ_RESULT(){
   24   1          uint16 result;
   25   1          result=ctimer_count_read(TIM_0);
   26   1          ctimer_count_clean(TIM_0);
   27   1          return result;
   28   1      }


Module Information          Static   Overlayable
------------------------------------------------
  code size            =        29     ------
  ecode size           =    ------     ------
  data size            =    ------     ------
  idata size           =    ------     ------
  pdata size           =    ------     ------
  xdata size           =    ------     ------
  xdata-const size     =    ------     ------
  edata size           =    ------     ------
  bit size             =    ------     ------
  ebit size            =    ------     ------
  bitaddressable size  =    ------     ------
  ebitaddressable size =    ------     ------
  far data size        =    ------     ------
  huge data size       =    ------     ------
  const size           =    ------     ------
  hconst size          =    ------     ------
End of Module Information.


C251 COMPILATION COMPLETE.  0 WARNING(S),  0 ERROR(S)
